g:\my_study\大二\数据库系统概论\project\datasql\datasql\debug\datasql.pch
g:\my_study\大二\数据库系统概论\project\datasql\datasql\debug\vc140.pdb
g:\my_study\大二\数据库系统概论\project\datasql\datasql\debug\vc140.idb
g:\my_study\大二\数据库系统概论\project\datasql\datasql\debug\stdafx.obj
g:\my_study\大二\数据库系统概论\project\datasql\datasql\debug\addclass.obj
g:\my_study\大二\数据库系统概论\project\datasql\datasql\debug\addnew.obj
g:\my_study\大二\数据库系统概论\project\datasql\datasql\debug\addstuinfo.obj
g:\my_study\大二\数据库系统概论\project\datasql\datasql\debug\datasql.obj
g:\my_study\大二\数据库系统概论\project\datasql\datasql\debug\datasqldlg.obj
g:\my_study\大二\数据库系统概论\project\datasql\datasql\debug\mianmenu.obj
g:\my_study\大二\数据库系统概论\project\datasql\datasql\debug\sqlexe.obj
g:\my_study\大二\数据库系统概论\project\datasql\datasql\debug\sqlout.obj
g:\my_study\大二\数据库系统概论\project\datasql\datasql\debug\stuinfordel.obj
g:\my_study\大二\数据库系统概论\project\datasql\datasql\debug\stuquery.obj
g:\my_study\大二\数据库系统概论\project\datasql\datasql\debug\stuupdate.obj
g:\my_study\大二\数据库系统概论\project\datasql\datasql\debug\tablechange.obj
g:\my_study\大二\数据库系统概论\project\datasql\debug\datasql.ilk
g:\my_study\大二\数据库系统概论\project\datasql\debug\datasql.exe
g:\my_study\大二\数据库系统概论\project\datasql\debug\datasql.pdb
g:\my_study\大二\数据库系统概论\project\datasql\datasql\debug\datasql.res
g:\my_study\大二\数据库系统概论\project\datasql\datasql\debug\datasql.tlog\cl.command.1.tlog
g:\my_study\大二\数据库系统概论\project\datasql\datasql\debug\datasql.tlog\cl.read.1.tlog
g:\my_study\大二\数据库系统概论\project\datasql\datasql\debug\datasql.tlog\cl.write.1.tlog
g:\my_study\大二\数据库系统概论\project\datasql\datasql\debug\datasql.tlog\link.command.1.tlog
g:\my_study\大二\数据库系统概论\project\datasql\datasql\debug\datasql.tlog\link.read.1.tlog
g:\my_study\大二\数据库系统概论\project\datasql\datasql\debug\datasql.tlog\link.write.1.tlog
g:\my_study\大二\数据库系统概论\project\datasql\datasql\debug\datasql.tlog\rc.command.1.tlog
g:\my_study\大二\数据库系统概论\project\datasql\datasql\debug\datasql.tlog\rc.read.1.tlog
g:\my_study\大二\数据库系统概论\project\datasql\datasql\debug\datasql.tlog\rc.write.1.tlog
